{"timestamp":"2026-04-15T04:41:56.657677Z","level":"info","event":"DAG bundles loaded: dags-folder","logger":"airflow.dag_processing.bundles.manager.DagBundlesManager","filename":"manager.py","lineno":209}
{"timestamp":"2026-04-15T04:41:56.658040Z","level":"info","event":"Filling up the DagBag from /opt/airflow/dags/market_data.py","logger":"airflow.dag_processing.dagbag.BundleDagBag","filename":"dagbag.py","lineno":469}
{"timestamp":"2026-04-15T04:41:58.225225Z","level":"info","event":"Fetched 1 rows for NIFTY_50","logger":"task.stdout"}
{"timestamp":"2026-04-15T04:41:59.140387Z","level":"error","event":"HTTP Error 404: {\"quoteSummary\":{\"result\":null,\"error\":{\"code\":\"Not Found\",\"description\":\"Quote not found for symbol: ^NSMIDCP50\"}}}","logger":"yfinance","filename":"quote.py","lineno":592}
{"timestamp":"2026-04-15T04:42:00.085434Z","level":"error","event":"$^NSMIDCP50: possibly delisted; no price data found  (period=1d) (Yahoo error = \"No data found, symbol may be delisted\")","logger":"yfinance","filename":"history.py","lineno":289}
{"timestamp":"2026-04-15T04:42:00.086814Z","level":"info","event":"No data for NIFTY_NEXT_50 (^NSMIDCP50)","logger":"task.stdout"}
{"timestamp":"2026-04-15T04:42:00.397568Z","level":"info","event":"Fetched 1 rows for NIFTY_100","logger":"task.stdout"}
{"timestamp":"2026-04-15T04:42:00.601766Z","level":"info","event":"Fetched 1 rows for NIFTY_200","logger":"task.stdout"}
{"timestamp":"2026-04-15T04:42:02.133720Z","level":"error","event":"HTTP Error 404: {\"quoteSummary\":{\"result\":null,\"error\":{\"code\":\"Not Found\",\"description\":\"Quote not found for symbol: ^CNX500\"}}}","logger":"yfinance","filename":"quote.py","lineno":592}
{"timestamp":"2026-04-15T04:42:02.977166Z","level":"error","event":"$^CNX500: possibly delisted; no price data found  (period=1d) (Yahoo error = \"No data found, symbol may be delisted\")","logger":"yfinance","filename":"history.py","lineno":289}
{"timestamp":"2026-04-15T04:42:02.979814Z","level":"info","event":"No data for NIFTY_500 (^CNX500)","logger":"task.stdout"}
{"timestamp":"2026-04-15T04:42:03.192644Z","level":"info","event":"Fetched 1 rows for NIFTY_MIDCAP_50","logger":"task.stdout"}
{"timestamp":"2026-04-15T04:42:04.346986Z","level":"error","event":"$^NIFM: possibly delisted; no price data found  (period=1d) (Yahoo error = \"No data found, symbol may be delisted\")","logger":"yfinance","filename":"history.py","lineno":289}
{"timestamp":"2026-04-15T04:42:04.348405Z","level":"info","event":"No data for NIFTY_MIDCAP_100 (^NIFM)","logger":"task.stdout"}
{"timestamp":"2026-04-15T04:42:05.440958Z","level":"error","event":"$^NSESMLCP50: possibly delisted; no price data found  (period=1d) (Yahoo error = \"No data found, symbol may be delisted\")","logger":"yfinance","filename":"history.py","lineno":289}
{"timestamp":"2026-04-15T04:42:05.442475Z","level":"info","event":"No data for NIFTY_SMALLCAP_50 (^NSESMLCP50)","logger":"task.stdout"}
{"timestamp":"2026-04-15T04:42:05.647710Z","level":"info","event":"Fetched 1 rows for NIFTY_SMALLCAP_100","logger":"task.stdout"}
{"timestamp":"2026-04-15T04:42:05.846742Z","level":"info","event":"Fetched 1 rows for NIFTY_BANK","logger":"task.stdout"}
{"timestamp":"2026-04-15T04:42:06.067367Z","level":"info","event":"Fetched 1 rows for NIFTY_IT","logger":"task.stdout"}
{"timestamp":"2026-04-15T04:42:06.275524Z","level":"info","event":"Fetched 1 rows for NIFTY_PHARMA","logger":"task.stdout"}
{"timestamp":"2026-04-15T04:42:06.485750Z","level":"info","event":"Fetched 1 rows for NIFTY_AUTO","logger":"task.stdout"}
{"timestamp":"2026-04-15T04:42:06.796459Z","level":"info","event":"Fetched 1 rows for NIFTY_FINANCIAL_SERVICES","logger":"task.stdout"}
{"timestamp":"2026-04-15T04:42:06.993149Z","level":"info","event":"Fetched 1 rows for SENSEX","logger":"task.stdout"}
{"timestamp":"2026-04-15T04:42:07.184113Z","level":"error","event":"$^BSE100: possibly delisted; no price data found  (period=1d)","logger":"yfinance","filename":"history.py","lineno":289}
{"timestamp":"2026-04-15T04:42:07.198933Z","level":"info","event":"No data for BSE_100 (^BSE100)","logger":"task.stdout"}
{"timestamp":"2026-04-15T04:42:07.491293Z","level":"error","event":"$^BSE200: possibly delisted; no price data found  (period=1d)","logger":"yfinance","filename":"history.py","lineno":289}
{"timestamp":"2026-04-15T04:42:07.492733Z","level":"info","event":"No data for BSE_200 (^BSE200)","logger":"task.stdout"}
{"timestamp":"2026-04-15T04:42:07.686732Z","level":"error","event":"$^BSE500: possibly delisted; no price data found  (period=1d)","logger":"yfinance","filename":"history.py","lineno":289}
{"timestamp":"2026-04-15T04:42:07.688175Z","level":"info","event":"No data for BSE_500 (^BSE500)","logger":"task.stdout"}
{"timestamp":"2026-04-15T04:42:08.998250Z","level":"error","event":"$^BSEMCAP: possibly delisted; no price data found  (period=1d) (Yahoo error = \"No data found, symbol may be delisted\")","logger":"yfinance","filename":"history.py","lineno":289}
{"timestamp":"2026-04-15T04:42:09.000299Z","level":"info","event":"No data for BSE_MIDCAP (^BSEMCAP)","logger":"task.stdout"}
{"timestamp":"2026-04-15T04:42:10.110912Z","level":"error","event":"$^BSESMCAP: possibly delisted; no price data found  (period=1d) (Yahoo error = \"No data found, symbol may be delisted\")","logger":"yfinance","filename":"history.py","lineno":289}
{"timestamp":"2026-04-15T04:42:10.112206Z","level":"info","event":"No data for BSE_SMALLCAP (^BSESMCAP)","logger":"task.stdout"}
{"timestamp":"2026-04-15T04:42:10.160343Z","level":"info","event":"Created /opt/airflow/dags/market_data/2026-04-15.parquet with 11 rows","logger":"task.stdout"}
{"timestamp":"2026-04-15T04:42:10.160484Z","level":"info","event":"Done. Returned value was: None","logger":"airflow.task.operators.airflow.providers.standard.operators.python.PythonOperator","filename":"python.py","lineno":229}
